<?xml version="1.0" encoding="UTF-8"?>
<testng-results ignored="0" total="6" passed="6" failed="0" skipped="0">
  <reporter-output>
  </reporter-output>
  <suite started-at="2022-02-22T08:48:03Z" name="Surefire suite" finished-at="2022-02-22T08:48:04Z" duration-ms="80">
    <groups>
    </groups>
    <test started-at="2022-02-22T08:48:03Z" name="Surefire test" finished-at="2022-02-22T08:48:04Z" duration-ms="80">
      <class name="qaclickacademy.AppiumTest">
        <test-method signature="IOSApps()[pri:0, instance:qaclickacademy.AppiumTest@7b9a4292]" started-at="2022-02-22T14:18:03Z" name="IOSApps" finished-at="2022-02-22T14:18:03Z" duration-ms="22" status="PASS">
          <reporter-output>
          </reporter-output>
        </test-method> <!-- IOSApps -->
        <test-method signature="NativeAPpAndroid()[pri:0, instance:qaclickacademy.AppiumTest@7b9a4292]" started-at="2022-02-22T14:18:03Z" name="NativeAPpAndroid" finished-at="2022-02-22T14:18:03Z" duration-ms="2" status="PASS">
          <reporter-output>
          </reporter-output>
        </test-method> <!-- NativeAPpAndroid -->
      </class> <!-- qaclickacademy.AppiumTest -->
      <class name="qaclickacademy.RESTAPITest">
        <test-method signature="deleteTwitter()[pri:0, instance:qaclickacademy.RESTAPITest@294425a7]" started-at="2022-02-22T14:18:04Z" name="deleteTwitter" finished-at="2022-02-22T14:18:04Z" duration-ms="0" status="PASS">
          <reporter-output>
          </reporter-output>
        </test-method> <!-- deleteTwitter -->
        <test-method signature="postJira()[pri:0, instance:qaclickacademy.RESTAPITest@294425a7]" started-at="2022-02-22T14:18:04Z" name="postJira" finished-at="2022-02-22T14:18:04Z" duration-ms="1" status="PASS">
          <reporter-output>
          </reporter-output>
        </test-method> <!-- postJira -->
      </class> <!-- qaclickacademy.RESTAPITest -->
      <class name="qaclickacademy.SeleniumTest">
        <test-method signature="BrowserAUtomation()[pri:0, instance:qaclickacademy.SeleniumTest@67d48005]" started-at="2022-02-22T14:18:04Z" name="BrowserAUtomation" finished-at="2022-02-22T14:18:04Z" duration-ms="2" status="PASS">
          <reporter-output>
          </reporter-output>
        </test-method> <!-- BrowserAUtomation -->
        <test-method signature="elementsUi()[pri:0, instance:qaclickacademy.SeleniumTest@67d48005]" started-at="2022-02-22T14:18:04Z" name="elementsUi" finished-at="2022-02-22T14:18:04Z" duration-ms="1" status="PASS">
          <reporter-output>
          </reporter-output>
        </test-method> <!-- elementsUi -->
      </class> <!-- qaclickacademy.SeleniumTest -->
    </test> <!-- Surefire test -->
  </suite> <!-- Surefire suite -->
</testng-results>
