<?xml version="1.0" encoding="UTF-8"?>
<testng-results ignored="0" total="2" passed="2" failed="0" skipped="0">
  <reporter-output>
  </reporter-output>
  <suite started-at="2022-02-22T08:44:57Z" name="Default suite" finished-at="2022-02-22T08:44:57Z" duration-ms="158">
    <groups>
    </groups>
    <test started-at="2022-02-22T08:44:57Z" name="Default test" finished-at="2022-02-22T08:44:57Z" duration-ms="158">
      <class name="qaclickacademy.AppiumTest">
        <test-method signature="IOSApps()[pri:0, instance:qaclickacademy.AppiumTest@f14a7d4]" started-at="2022-02-22T14:14:57Z" name="IOSApps" finished-at="2022-02-22T14:14:57Z" duration-ms="29" status="PASS">
          <reporter-output>
          </reporter-output>
        </test-method> <!-- IOSApps -->
        <test-method signature="NativeAPpAndroid()[pri:0, instance:qaclickacademy.AppiumTest@f14a7d4]" started-at="2022-02-22T14:14:57Z" name="NativeAPpAndroid" finished-at="2022-02-22T14:14:57Z" duration-ms="4" status="PASS">
          <reporter-output>
          </reporter-output>
        </test-method> <!-- NativeAPpAndroid -->
      </class> <!-- qaclickacademy.AppiumTest -->
    </test> <!-- Default test -->
  </suite> <!-- Default suite -->
</testng-results>
